{"/Users/a8888/Documents/viciousircle/MSMS-CNWEB/backend/server.js": {"path":"/Users/a8888/Documents/viciousircle/MSMS-CNWEB/backend/server.js","statementMap":{"0":{"start":{"line":1,"column":16},"end":{"line":1,"column":34}},"1":{"start":{"line":2,"column":15},"end":{"line":2,"column":32}},"2":{"start":{"line":3,"column":15},"end":{"line":3,"column":60}},"3":{"start":{"line":4,"column":25},"end":{"line":4,"column":65}},"4":{"start":{"line":5,"column":22},"end":{"line":5,"column":44}},"5":{"start":{"line":6,"column":13},"end":{"line":6,"column":37}},"6":{"start":{"line":8,"column":0},"end":{"line":8,"column":12}},"7":{"start":{"line":9,"column":12},"end":{"line":9,"column":21}},"8":{"start":{"line":11,"column":0},"end":{"line":11,"column":24}},"9":{"start":{"line":12,"column":0},"end":{"line":12,"column":49}},"10":{"start":{"line":14,"column":0},"end":{"line":14,"column":61}},"11":{"start":{"line":15,"column":0},"end":{"line":15,"column":55}},"12":{"start":{"line":16,"column":0},"end":{"line":16,"column":54}},"13":{"start":{"line":18,"column":0},"end":{"line":18,"column":22}},"14":{"start":{"line":20,"column":0},"end":{"line":24,"column":1}},"15":{"start":{"line":21,"column":4},"end":{"line":23,"column":7}},"16":{"start":{"line":22,"column":8},"end":{"line":22,"column":66}},"17":{"start":{"line":26,"column":0},"end":{"line":26,"column":25}}},"fnMap":{"0":{"name":"(anonymous_0)","decl":{"start":{"line":21,"column":21},"end":{"line":21,"column":22}},"loc":{"start":{"line":21,"column":27},"end":{"line":23,"column":5}},"line":21}},"branchMap":{"0":{"loc":{"start":{"line":6,"column":13},"end":{"line":6,"column":37}},"type":"binary-expr","locations":[{"start":{"line":6,"column":13},"end":{"line":6,"column":29}},{"start":{"line":6,"column":33},"end":{"line":6,"column":37}}],"line":6},"1":{"loc":{"start":{"line":20,"column":0},"end":{"line":24,"column":1}},"type":"if","locations":[{"start":{"line":20,"column":0},"end":{"line":24,"column":1}},{"start":{},"end":{}}],"line":20}},"s":{"0":3,"1":3,"2":3,"3":3,"4":3,"5":3,"6":3,"7":3,"8":3,"9":3,"10":3,"11":3,"12":3,"13":3,"14":3,"15":0,"16":0,"17":3},"f":{"0":0},"b":{"0":[3,0],"1":[0,3]},"_coverageSchema":"1a1c01bbd47fc00a2c39e90264f33305004495a9","hash":"69d69d9238ce255417004a8c910bbfad7f0317f8"}
,"/Users/a8888/Documents/viciousircle/MSMS-CNWEB/backend/controllers/cart.controller.js": {"path":"/Users/a8888/Documents/viciousircle/MSMS-CNWEB/backend/controllers/cart.controller.js","statementMap":{"0":{"start":{"line":1,"column":21},"end":{"line":1,"column":53}},"1":{"start":{"line":2,"column":16},"end":{"line":2,"column":50}},"2":{"start":{"line":3,"column":13},"end":{"line":3,"column":44}},"3":{"start":{"line":4,"column":17},"end":{"line":4,"column":36}},"4":{"start":{"line":11,"column":21},"end":{"line":35,"column":2}},"5":{"start":{"line":12,"column":4},"end":{"line":34,"column":5}},"6":{"start":{"line":13,"column":23},"end":{"line":13,"column":53}},"7":{"start":{"line":14,"column":21},"end":{"line":14,"column":43}},"8":{"start":{"line":16,"column":8},"end":{"line":20,"column":9}},"9":{"start":{"line":17,"column":12},"end":{"line":19,"column":15}},"10":{"start":{"line":22,"column":21},"end":{"line":24,"column":40}},"11":{"start":{"line":26,"column":8},"end":{"line":28,"column":9}},"12":{"start":{"line":27,"column":12},"end":{"line":27,"column":71}},"13":{"start":{"line":30,"column":8},"end":{"line":30,"column":35}},"14":{"start":{"line":32,"column":8},"end":{"line":32,"column":38}},"15":{"start":{"line":33,"column":8},"end":{"line":33,"column":67}},"16":{"start":{"line":42,"column":22},"end":{"line":45,"column":2}},"17":{"start":{"line":43,"column":4},"end":{"line":44,"column":22}},"18":{"start":{"line":59,"column":0},"end":{"line":59,"column":34}}},"fnMap":{"0":{"name":"(anonymous_0)","decl":{"start":{"line":11,"column":34},"end":{"line":11,"column":35}},"loc":{"start":{"line":11,"column":54},"end":{"line":35,"column":1}},"line":11},"1":{"name":"(anonymous_1)","decl":{"start":{"line":42,"column":35},"end":{"line":42,"column":36}},"loc":{"start":{"line":42,"column":55},"end":{"line":45,"column":1}},"line":42}},"branchMap":{"0":{"loc":{"start":{"line":13,"column":23},"end":{"line":13,"column":53}},"type":"cond-expr","locations":[{"start":{"line":13,"column":34},"end":{"line":13,"column":46}},{"start":{"line":13,"column":49},"end":{"line":13,"column":53}}],"line":13},"1":{"loc":{"start":{"line":14,"column":21},"end":{"line":14,"column":43}},"type":"binary-expr","locations":[{"start":{"line":14,"column":21},"end":{"line":14,"column":35}},{"start":{"line":14,"column":39},"end":{"line":14,"column":43}}],"line":14},"2":{"loc":{"start":{"line":16,"column":8},"end":{"line":20,"column":9}},"type":"if","locations":[{"start":{"line":16,"column":8},"end":{"line":20,"column":9}},{"start":{},"end":{}}],"line":16},"3":{"loc":{"start":{"line":16,"column":12},"end":{"line":16,"column":28}},"type":"binary-expr","locations":[{"start":{"line":16,"column":12},"end":{"line":16,"column":19}},{"start":{"line":16,"column":23},"end":{"line":16,"column":28}}],"line":16},"4":{"loc":{"start":{"line":26,"column":8},"end":{"line":28,"column":9}},"type":"if","locations":[{"start":{"line":26,"column":8},"end":{"line":28,"column":9}},{"start":{},"end":{}}],"line":26}},"s":{"0":3,"1":3,"2":3,"3":3,"4":3,"5":0,"6":0,"7":0,"8":0,"9":0,"10":0,"11":0,"12":0,"13":0,"14":0,"15":0,"16":3,"17":0,"18":3},"f":{"0":0,"1":0},"b":{"0":[0,0],"1":[0,0],"2":[0,0],"3":[0,0],"4":[0,0]},"_coverageSchema":"1a1c01bbd47fc00a2c39e90264f33305004495a9","hash":"34133c1b19220b2b69b152dbdd409c448ab58e78"}
,"/Users/a8888/Documents/viciousircle/MSMS-CNWEB/backend/controllers/product.controller.js": {"path":"/Users/a8888/Documents/viciousircle/MSMS-CNWEB/backend/controllers/product.controller.js","statementMap":{"0":{"start":{"line":1,"column":21},"end":{"line":1,"column":53}},"1":{"start":{"line":2,"column":16},"end":{"line":2,"column":50}},"2":{"start":{"line":3,"column":17},"end":{"line":3,"column":36}},"3":{"start":{"line":10,"column":20},"end":{"line":18,"column":2}},"4":{"start":{"line":11,"column":4},"end":{"line":17,"column":5}},"5":{"start":{"line":12,"column":25},"end":{"line":12,"column":47}},"6":{"start":{"line":13,"column":8},"end":{"line":13,"column":39}},"7":{"start":{"line":15,"column":8},"end":{"line":15,"column":38}},"8":{"start":{"line":16,"column":8},"end":{"line":16,"column":67}},"9":{"start":{"line":25,"column":23},"end":{"line":43,"column":2}},"10":{"start":{"line":26,"column":4},"end":{"line":42,"column":5}},"11":{"start":{"line":27,"column":8},"end":{"line":29,"column":9}},"12":{"start":{"line":28,"column":12},"end":{"line":28,"column":75}},"13":{"start":{"line":31,"column":24},"end":{"line":31,"column":61}},"14":{"start":{"line":33,"column":8},"end":{"line":37,"column":9}},"15":{"start":{"line":34,"column":12},"end":{"line":36,"column":15}},"16":{"start":{"line":38,"column":8},"end":{"line":38,"column":38}},"17":{"start":{"line":40,"column":8},"end":{"line":40,"column":56}},"18":{"start":{"line":41,"column":8},"end":{"line":41,"column":67}},"19":{"start":{"line":50,"column":22},"end":{"line":119,"column":2}},"20":{"start":{"line":51,"column":4},"end":{"line":118,"column":5}},"21":{"start":{"line":58,"column":8},"end":{"line":60,"column":9}},"22":{"start":{"line":59,"column":12},"end":{"line":59,"column":75}},"23":{"start":{"line":62,"column":24},"end":{"line":62,"column":61}},"24":{"start":{"line":64,"column":8},"end":{"line":66,"column":9}},"25":{"start":{"line":65,"column":12},"end":{"line":65,"column":75}},"26":{"start":{"line":68,"column":52},"end":{"line":68,"column":60}},"27":{"start":{"line":69,"column":22},"end":{"line":69,"column":27}},"28":{"start":{"line":71,"column":8},"end":{"line":74,"column":9}},"29":{"start":{"line":72,"column":12},"end":{"line":72,"column":32}},"30":{"start":{"line":73,"column":12},"end":{"line":73,"column":27}},"31":{"start":{"line":75,"column":8},"end":{"line":78,"column":9}},"32":{"start":{"line":76,"column":12},"end":{"line":76,"column":34}},"33":{"start":{"line":77,"column":12},"end":{"line":77,"column":27}},"34":{"start":{"line":79,"column":8},"end":{"line":86,"column":9}},"35":{"start":{"line":84,"column":12},"end":{"line":84,"column":34}},"36":{"start":{"line":85,"column":12},"end":{"line":85,"column":27}},"37":{"start":{"line":87,"column":8},"end":{"line":94,"column":9}},"38":{"start":{"line":92,"column":12},"end":{"line":92,"column":34}},"39":{"start":{"line":93,"column":12},"end":{"line":93,"column":27}},"40":{"start":{"line":95,"column":8},"end":{"line":103,"column":9}},"41":{"start":{"line":101,"column":12},"end":{"line":101,"column":32}},"42":{"start":{"line":102,"column":12},"end":{"line":102,"column":27}},"43":{"start":{"line":105,"column":8},"end":{"line":109,"column":9}},"44":{"start":{"line":106,"column":12},"end":{"line":108,"column":15}},"45":{"start":{"line":111,"column":31},"end":{"line":111,"column":51}},"46":{"start":{"line":112,"column":8},"end":{"line":112,"column":45}},"47":{"start":{"line":114,"column":8},"end":{"line":114,"column":56}},"48":{"start":{"line":115,"column":8},"end":{"line":117,"column":11}},"49":{"start":{"line":126,"column":22},"end":{"line":140,"column":2}},"50":{"start":{"line":127,"column":20},"end":{"line":127,"column":57}},"51":{"start":{"line":129,"column":4},"end":{"line":132,"column":5}},"52":{"start":{"line":130,"column":8},"end":{"line":130,"column":24}},"53":{"start":{"line":131,"column":8},"end":{"line":131,"column":46}},"54":{"start":{"line":134,"column":4},"end":{"line":134,"column":30}},"55":{"start":{"line":136,"column":4},"end":{"line":139,"column":7}},"56":{"start":{"line":142,"column":0},"end":{"line":147,"column":2}}},"fnMap":{"0":{"name":"(anonymous_0)","decl":{"start":{"line":10,"column":33},"end":{"line":10,"column":34}},"loc":{"start":{"line":10,"column":59},"end":{"line":18,"column":1}},"line":10},"1":{"name":"(anonymous_1)","decl":{"start":{"line":25,"column":36},"end":{"line":25,"column":37}},"loc":{"start":{"line":25,"column":56},"end":{"line":43,"column":1}},"line":25},"2":{"name":"(anonymous_2)","decl":{"start":{"line":50,"column":35},"end":{"line":50,"column":36}},"loc":{"start":{"line":50,"column":55},"end":{"line":119,"column":1}},"line":50},"3":{"name":"(anonymous_3)","decl":{"start":{"line":126,"column":35},"end":{"line":126,"column":36}},"loc":{"start":{"line":126,"column":55},"end":{"line":140,"column":1}},"line":126}},"branchMap":{"0":{"loc":{"start":{"line":27,"column":8},"end":{"line":29,"column":9}},"type":"if","locations":[{"start":{"line":27,"column":8},"end":{"line":29,"column":9}},{"start":{},"end":{}}],"line":27},"1":{"loc":{"start":{"line":33,"column":8},"end":{"line":37,"column":9}},"type":"if","locations":[{"start":{"line":33,"column":8},"end":{"line":37,"column":9}},{"start":{},"end":{}}],"line":33},"2":{"loc":{"start":{"line":58,"column":8},"end":{"line":60,"column":9}},"type":"if","locations":[{"start":{"line":58,"column":8},"end":{"line":60,"column":9}},{"start":{},"end":{}}],"line":58},"3":{"loc":{"start":{"line":64,"column":8},"end":{"line":66,"column":9}},"type":"if","locations":[{"start":{"line":64,"column":8},"end":{"line":66,"column":9}},{"start":{},"end":{}}],"line":64},"4":{"loc":{"start":{"line":71,"column":8},"end":{"line":74,"column":9}},"type":"if","locations":[{"start":{"line":71,"column":8},"end":{"line":74,"column":9}},{"start":{},"end":{}}],"line":71},"5":{"loc":{"start":{"line":71,"column":12},"end":{"line":71,"column":41}},"type":"binary-expr","locations":[{"start":{"line":71,"column":12},"end":{"line":71,"column":16}},{"start":{"line":71,"column":20},"end":{"line":71,"column":41}}],"line":71},"6":{"loc":{"start":{"line":75,"column":8},"end":{"line":78,"column":9}},"type":"if","locations":[{"start":{"line":75,"column":8},"end":{"line":78,"column":9}},{"start":{},"end":{}}],"line":75},"7":{"loc":{"start":{"line":75,"column":12},"end":{"line":75,"column":44}},"type":"binary-expr","locations":[{"start":{"line":75,"column":12},"end":{"line":75,"column":17}},{"start":{"line":75,"column":21},"end":{"line":75,"column":44}}],"line":75},"8":{"loc":{"start":{"line":79,"column":8},"end":{"line":86,"column":9}},"type":"if","locations":[{"start":{"line":79,"column":8},"end":{"line":86,"column":9}},{"start":{},"end":{}}],"line":79},"9":{"loc":{"start":{"line":80,"column":12},"end":{"line":82,"column":35}},"type":"binary-expr","locations":[{"start":{"line":80,"column":12},"end":{"line":80,"column":37}},{"start":{"line":81,"column":12},"end":{"line":81,"column":22}},{"start":{"line":82,"column":12},"end":{"line":82,"column":35}}],"line":80},"10":{"loc":{"start":{"line":87,"column":8},"end":{"line":94,"column":9}},"type":"if","locations":[{"start":{"line":87,"column":8},"end":{"line":94,"column":9}},{"start":{},"end":{}}],"line":87},"11":{"loc":{"start":{"line":88,"column":12},"end":{"line":90,"column":35}},"type":"binary-expr","locations":[{"start":{"line":88,"column":12},"end":{"line":88,"column":37}},{"start":{"line":89,"column":12},"end":{"line":89,"column":22}},{"start":{"line":90,"column":12},"end":{"line":90,"column":35}}],"line":88},"12":{"loc":{"start":{"line":95,"column":8},"end":{"line":103,"column":9}},"type":"if","locations":[{"start":{"line":95,"column":8},"end":{"line":103,"column":9}},{"start":{},"end":{}}],"line":95},"13":{"loc":{"start":{"line":96,"column":12},"end":{"line":99,"column":33}},"type":"binary-expr","locations":[{"start":{"line":96,"column":12},"end":{"line":96,"column":36}},{"start":{"line":97,"column":12},"end":{"line":97,"column":21}},{"start":{"line":98,"column":12},"end":{"line":98,"column":21}},{"start":{"line":99,"column":12},"end":{"line":99,"column":33}}],"line":96},"14":{"loc":{"start":{"line":105,"column":8},"end":{"line":109,"column":9}},"type":"if","locations":[{"start":{"line":105,"column":8},"end":{"line":109,"column":9}},{"start":{},"end":{}}],"line":105},"15":{"loc":{"start":{"line":129,"column":4},"end":{"line":132,"column":5}},"type":"if","locations":[{"start":{"line":129,"column":4},"end":{"line":132,"column":5}},{"start":{},"end":{}}],"line":129}},"s":{"0":3,"1":3,"2":3,"3":3,"4":3,"5":3,"6":2,"7":1,"8":1,"9":3,"10":4,"11":4,"12":1,"13":3,"14":2,"15":1,"16":1,"17":1,"18":1,"19":3,"20":6,"21":6,"22":2,"23":4,"24":3,"25":1,"26":2,"27":2,"28":2,"29":1,"30":1,"31":2,"32":0,"33":0,"34":2,"35":1,"36":1,"37":2,"38":0,"39":0,"40":2,"41":0,"42":0,"43":2,"44":1,"45":1,"46":1,"47":1,"48":1,"49":3,"50":0,"51":0,"52":0,"53":0,"54":0,"55":0,"56":3},"f":{"0":3,"1":4,"2":6,"3":0},"b":{"0":[1,3],"1":[1,1],"2":[2,4],"3":[1,2],"4":[1,1],"5":[2,2],"6":[0,2],"7":[2,0],"8":[1,1],"9":[2,2,2],"10":[0,2],"11":[2,0,0],"12":[0,2],"13":[2,0,0,0],"14":[1,1],"15":[0,0]},"_coverageSchema":"1a1c01bbd47fc00a2c39e90264f33305004495a9","hash":"089020ae3d72825630ac917b44e084d019ba0e85"}
,"/Users/a8888/Documents/viciousircle/MSMS-CNWEB/backend/controllers/user.controller.js": {"path":"/Users/a8888/Documents/viciousircle/MSMS-CNWEB/backend/controllers/user.controller.js","statementMap":{"0":{"start":{"line":1,"column":12},"end":{"line":1,"column":35}},"1":{"start":{"line":2,"column":15},"end":{"line":2,"column":34}},"2":{"start":{"line":3,"column":21},"end":{"line":3,"column":53}},"3":{"start":{"line":4,"column":13},"end":{"line":4,"column":44}},"4":{"start":{"line":12,"column":22},"end":{"line":16,"column":1}},"5":{"start":{"line":13,"column":4},"end":{"line":15,"column":7}},"6":{"start":{"line":23,"column":21},"end":{"line":64,"column":2}},"7":{"start":{"line":24,"column":44},"end":{"line":24,"column":52}},"8":{"start":{"line":25,"column":4},"end":{"line":25,"column":26}},"9":{"start":{"line":27,"column":4},"end":{"line":30,"column":5}},"10":{"start":{"line":28,"column":8},"end":{"line":28,"column":24}},"11":{"start":{"line":29,"column":8},"end":{"line":29,"column":54}},"12":{"start":{"line":33,"column":23},"end":{"line":33,"column":52}},"13":{"start":{"line":35,"column":4},"end":{"line":38,"column":5}},"14":{"start":{"line":36,"column":8},"end":{"line":36,"column":24}},"15":{"start":{"line":37,"column":8},"end":{"line":37,"column":47}},"16":{"start":{"line":41,"column":17},"end":{"line":41,"column":41}},"17":{"start":{"line":42,"column":27},"end":{"line":42,"column":60}},"18":{"start":{"line":45,"column":17},"end":{"line":50,"column":6}},"19":{"start":{"line":52,"column":4},"end":{"line":63,"column":5}},"20":{"start":{"line":53,"column":8},"end":{"line":59,"column":11}},"21":{"start":{"line":61,"column":8},"end":{"line":61,"column":24}},"22":{"start":{"line":62,"column":8},"end":{"line":62,"column":45}},"23":{"start":{"line":71,"column":18},"end":{"line":88,"column":2}},"24":{"start":{"line":72,"column":32},"end":{"line":72,"column":40}},"25":{"start":{"line":75,"column":17},"end":{"line":75,"column":46}},"26":{"start":{"line":77,"column":4},"end":{"line":87,"column":5}},"27":{"start":{"line":78,"column":8},"end":{"line":83,"column":11}},"28":{"start":{"line":85,"column":8},"end":{"line":85,"column":24}},"29":{"start":{"line":86,"column":8},"end":{"line":86,"column":47}},"30":{"start":{"line":95,"column":14},"end":{"line":104,"column":2}},"31":{"start":{"line":96,"column":39},"end":{"line":96,"column":72}},"32":{"start":{"line":98,"column":4},"end":{"line":103,"column":7}},"33":{"start":{"line":106,"column":0},"end":{"line":106,"column":52}}},"fnMap":{"0":{"name":"(anonymous_0)","decl":{"start":{"line":12,"column":22},"end":{"line":12,"column":23}},"loc":{"start":{"line":12,"column":36},"end":{"line":16,"column":1}},"line":12},"1":{"name":"(anonymous_1)","decl":{"start":{"line":23,"column":34},"end":{"line":23,"column":35}},"loc":{"start":{"line":23,"column":54},"end":{"line":64,"column":1}},"line":23},"2":{"name":"(anonymous_2)","decl":{"start":{"line":71,"column":31},"end":{"line":71,"column":32}},"loc":{"start":{"line":71,"column":51},"end":{"line":88,"column":1}},"line":71},"3":{"name":"(anonymous_3)","decl":{"start":{"line":95,"column":27},"end":{"line":95,"column":28}},"loc":{"start":{"line":95,"column":47},"end":{"line":104,"column":1}},"line":95}},"branchMap":{"0":{"loc":{"start":{"line":27,"column":4},"end":{"line":30,"column":5}},"type":"if","locations":[{"start":{"line":27,"column":4},"end":{"line":30,"column":5}},{"start":{},"end":{}}],"line":27},"1":{"loc":{"start":{"line":27,"column":8},"end":{"line":27,"column":36}},"type":"binary-expr","locations":[{"start":{"line":27,"column":8},"end":{"line":27,"column":13}},{"start":{"line":27,"column":17},"end":{"line":27,"column":23}},{"start":{"line":27,"column":27},"end":{"line":27,"column":36}}],"line":27},"2":{"loc":{"start":{"line":35,"column":4},"end":{"line":38,"column":5}},"type":"if","locations":[{"start":{"line":35,"column":4},"end":{"line":38,"column":5}},{"start":{},"end":{}}],"line":35},"3":{"loc":{"start":{"line":49,"column":14},"end":{"line":49,"column":32}},"type":"binary-expr","locations":[{"start":{"line":49,"column":14},"end":{"line":49,"column":18}},{"start":{"line":49,"column":22},"end":{"line":49,"column":32}}],"line":49},"4":{"loc":{"start":{"line":52,"column":4},"end":{"line":63,"column":5}},"type":"if","locations":[{"start":{"line":52,"column":4},"end":{"line":63,"column":5}},{"start":{"line":60,"column":11},"end":{"line":63,"column":5}}],"line":52},"5":{"loc":{"start":{"line":77,"column":4},"end":{"line":87,"column":5}},"type":"if","locations":[{"start":{"line":77,"column":4},"end":{"line":87,"column":5}},{"start":{"line":84,"column":11},"end":{"line":87,"column":5}}],"line":77},"6":{"loc":{"start":{"line":77,"column":8},"end":{"line":77,"column":63}},"type":"binary-expr","locations":[{"start":{"line":77,"column":8},"end":{"line":77,"column":12}},{"start":{"line":77,"column":17},"end":{"line":77,"column":62}}],"line":77}},"s":{"0":3,"1":3,"2":3,"3":3,"4":3,"5":7,"6":3,"7":3,"8":3,"9":3,"10":1,"11":1,"12":2,"13":2,"14":1,"15":1,"16":1,"17":1,"18":1,"19":1,"20":1,"21":0,"22":0,"23":3,"24":6,"25":6,"26":6,"27":6,"28":0,"29":0,"30":3,"31":0,"32":0,"33":3},"f":{"0":7,"1":3,"2":6,"3":0},"b":{"0":[1,2],"1":[3,2,2],"2":[1,1],"3":[1,0],"4":[1,0],"5":[6,0],"6":[6,6]},"_coverageSchema":"1a1c01bbd47fc00a2c39e90264f33305004495a9","hash":"876c658873b52820f49b4dadfae2c60f9ceeb9b7"}
,"/Users/a8888/Documents/viciousircle/MSMS-CNWEB/backend/middleware/auth.middleware.js": {"path":"/Users/a8888/Documents/viciousircle/MSMS-CNWEB/backend/middleware/auth.middleware.js","statementMap":{"0":{"start":{"line":1,"column":12},"end":{"line":1,"column":35}},"1":{"start":{"line":2,"column":21},"end":{"line":2,"column":53}},"2":{"start":{"line":3,"column":13},"end":{"line":3,"column":44}},"3":{"start":{"line":8,"column":16},"end":{"line":38,"column":2}},"4":{"start":{"line":10,"column":8},"end":{"line":13,"column":18}},"5":{"start":{"line":15,"column":4},"end":{"line":18,"column":5}},"6":{"start":{"line":16,"column":8},"end":{"line":16,"column":24}},"7":{"start":{"line":17,"column":8},"end":{"line":17,"column":52}},"8":{"start":{"line":20,"column":4},"end":{"line":37,"column":5}},"9":{"start":{"line":22,"column":24},"end":{"line":22,"column":65}},"10":{"start":{"line":25,"column":8},"end":{"line":25,"column":71}},"11":{"start":{"line":27,"column":8},"end":{"line":30,"column":9}},"12":{"start":{"line":28,"column":12},"end":{"line":28,"column":28}},"13":{"start":{"line":29,"column":12},"end":{"line":29,"column":46}},"14":{"start":{"line":32,"column":8},"end":{"line":32,"column":15}},"15":{"start":{"line":34,"column":8},"end":{"line":34,"column":43}},"16":{"start":{"line":35,"column":8},"end":{"line":35,"column":24}},"17":{"start":{"line":36,"column":8},"end":{"line":36,"column":57}},"18":{"start":{"line":44,"column":18},"end":{"line":52,"column":1}},"19":{"start":{"line":45,"column":4},"end":{"line":51,"column":6}},"20":{"start":{"line":46,"column":8},"end":{"line":49,"column":9}},"21":{"start":{"line":47,"column":12},"end":{"line":47,"column":28}},"22":{"start":{"line":48,"column":12},"end":{"line":48,"column":62}},"23":{"start":{"line":50,"column":8},"end":{"line":50,"column":15}},"24":{"start":{"line":54,"column":0},"end":{"line":54,"column":40}}},"fnMap":{"0":{"name":"(anonymous_0)","decl":{"start":{"line":8,"column":29},"end":{"line":8,"column":30}},"loc":{"start":{"line":8,"column":55},"end":{"line":38,"column":1}},"line":8},"1":{"name":"(anonymous_1)","decl":{"start":{"line":44,"column":18},"end":{"line":44,"column":19}},"loc":{"start":{"line":44,"column":32},"end":{"line":52,"column":1}},"line":44},"2":{"name":"(anonymous_2)","decl":{"start":{"line":45,"column":11},"end":{"line":45,"column":12}},"loc":{"start":{"line":45,"column":31},"end":{"line":51,"column":5}},"line":45}},"branchMap":{"0":{"loc":{"start":{"line":10,"column":8},"end":{"line":13,"column":18}},"type":"cond-expr","locations":[{"start":{"line":12,"column":14},"end":{"line":12,"column":53}},{"start":{"line":13,"column":14},"end":{"line":13,"column":18}}],"line":10},"1":{"loc":{"start":{"line":10,"column":8},"end":{"line":11,"column":54}},"type":"binary-expr","locations":[{"start":{"line":10,"column":8},"end":{"line":10,"column":33}},{"start":{"line":11,"column":8},"end":{"line":11,"column":54}}],"line":10},"2":{"loc":{"start":{"line":15,"column":4},"end":{"line":18,"column":5}},"type":"if","locations":[{"start":{"line":15,"column":4},"end":{"line":18,"column":5}},{"start":{},"end":{}}],"line":15},"3":{"loc":{"start":{"line":27,"column":8},"end":{"line":30,"column":9}},"type":"if","locations":[{"start":{"line":27,"column":8},"end":{"line":30,"column":9}},{"start":{},"end":{}}],"line":27},"4":{"loc":{"start":{"line":46,"column":8},"end":{"line":49,"column":9}},"type":"if","locations":[{"start":{"line":46,"column":8},"end":{"line":49,"column":9}},{"start":{},"end":{}}],"line":46}},"s":{"0":3,"1":3,"2":3,"3":3,"4":6,"5":6,"6":0,"7":0,"8":6,"9":6,"10":6,"11":6,"12":0,"13":0,"14":6,"15":0,"16":0,"17":0,"18":3,"19":6,"20":6,"21":0,"22":0,"23":6,"24":3},"f":{"0":6,"1":6,"2":6},"b":{"0":[6,0],"1":[6,6],"2":[0,6],"3":[0,6],"4":[0,6]},"_coverageSchema":"1a1c01bbd47fc00a2c39e90264f33305004495a9","hash":"53046881668083a9c23b76b0a8c4397cfd4cd461"}
,"/Users/a8888/Documents/viciousircle/MSMS-CNWEB/backend/middleware/error.middleware.js": {"path":"/Users/a8888/Documents/viciousircle/MSMS-CNWEB/backend/middleware/error.middleware.js","statementMap":{"0":{"start":{"line":13,"column":21},"end":{"line":22,"column":1}},"1":{"start":{"line":14,"column":23},"end":{"line":14,"column":60}},"2":{"start":{"line":16,"column":4},"end":{"line":16,"column":27}},"3":{"start":{"line":18,"column":4},"end":{"line":21,"column":7}},"4":{"start":{"line":24,"column":0},"end":{"line":26,"column":2}}},"fnMap":{"0":{"name":"(anonymous_0)","decl":{"start":{"line":13,"column":21},"end":{"line":13,"column":22}},"loc":{"start":{"line":13,"column":46},"end":{"line":22,"column":1}},"line":13}},"branchMap":{"0":{"loc":{"start":{"line":14,"column":23},"end":{"line":14,"column":60}},"type":"cond-expr","locations":[{"start":{"line":14,"column":40},"end":{"line":14,"column":54}},{"start":{"line":14,"column":57},"end":{"line":14,"column":60}}],"line":14},"1":{"loc":{"start":{"line":20,"column":15},"end":{"line":20,"column":71}},"type":"cond-expr","locations":[{"start":{"line":20,"column":55},"end":{"line":20,"column":59}},{"start":{"line":20,"column":62},"end":{"line":20,"column":71}}],"line":20}},"s":{"0":3,"1":2,"2":2,"3":2,"4":3},"f":{"0":2},"b":{"0":[2,0],"1":[0,2]},"_coverageSchema":"1a1c01bbd47fc00a2c39e90264f33305004495a9","hash":"8558efdfd90ea128a5329a81f437728b0e8dad6f"}
,"/Users/a8888/Documents/viciousircle/MSMS-CNWEB/backend/models/cart.model.js": {"path":"/Users/a8888/Documents/viciousircle/MSMS-CNWEB/backend/models/cart.model.js","statementMap":{"0":{"start":{"line":1,"column":17},"end":{"line":1,"column":36}},"1":{"start":{"line":3,"column":19},"end":{"line":34,"column":1}},"2":{"start":{"line":36,"column":0},"end":{"line":36,"column":52}}},"fnMap":{},"branchMap":{},"s":{"0":3,"1":3,"2":3},"f":{},"b":{},"_coverageSchema":"1a1c01bbd47fc00a2c39e90264f33305004495a9","hash":"b5734e5cacd13285783e850f73ade220c03d031b"}
,"/Users/a8888/Documents/viciousircle/MSMS-CNWEB/backend/models/product.model.js": {"path":"/Users/a8888/Documents/viciousircle/MSMS-CNWEB/backend/models/product.model.js","statementMap":{"0":{"start":{"line":1,"column":17},"end":{"line":1,"column":36}},"1":{"start":{"line":3,"column":22},"end":{"line":36,"column":1}},"2":{"start":{"line":38,"column":0},"end":{"line":38,"column":58}}},"fnMap":{},"branchMap":{},"s":{"0":3,"1":3,"2":3},"f":{},"b":{},"_coverageSchema":"1a1c01bbd47fc00a2c39e90264f33305004495a9","hash":"313785b228265479115887c8735eccf0b4b15ca8"}
,"/Users/a8888/Documents/viciousircle/MSMS-CNWEB/backend/models/user.model.js": {"path":"/Users/a8888/Documents/viciousircle/MSMS-CNWEB/backend/models/user.model.js","statementMap":{"0":{"start":{"line":1,"column":17},"end":{"line":1,"column":36}},"1":{"start":{"line":15,"column":19},"end":{"line":40,"column":1}},"2":{"start":{"line":42,"column":0},"end":{"line":42,"column":52}}},"fnMap":{},"branchMap":{},"s":{"0":3,"1":3,"2":3},"f":{},"b":{},"_coverageSchema":"1a1c01bbd47fc00a2c39e90264f33305004495a9","hash":"f8b298840a318f99465f6493697b95abaf7e618a"}
,"/Users/a8888/Documents/viciousircle/MSMS-CNWEB/backend/routes/cart.routes.js": {"path":"/Users/a8888/Documents/viciousircle/MSMS-CNWEB/backend/routes/cart.routes.js","statementMap":{"0":{"start":{"line":1,"column":16},"end":{"line":1,"column":34}},"1":{"start":{"line":2,"column":15},"end":{"line":2,"column":31}},"2":{"start":{"line":4,"column":25},"end":{"line":4,"column":66}},"3":{"start":{"line":6,"column":31},"end":{"line":6,"column":71}},"4":{"start":{"line":8,"column":0},"end":{"line":8,"column":36}},"5":{"start":{"line":10,"column":0},"end":{"line":10,"column":24}}},"fnMap":{},"branchMap":{},"s":{"0":3,"1":3,"2":3,"3":3,"4":3,"5":3},"f":{},"b":{},"_coverageSchema":"1a1c01bbd47fc00a2c39e90264f33305004495a9","hash":"dc736c4959ec965ae8056336e7e00b451847e566"}
,"/Users/a8888/Documents/viciousircle/MSMS-CNWEB/backend/routes/product.routes.js": {"path":"/Users/a8888/Documents/viciousircle/MSMS-CNWEB/backend/routes/product.routes.js","statementMap":{"0":{"start":{"line":1,"column":16},"end":{"line":1,"column":34}},"1":{"start":{"line":2,"column":15},"end":{"line":2,"column":31}},"2":{"start":{"line":8,"column":4},"end":{"line":8,"column":48}},"3":{"start":{"line":10,"column":31},"end":{"line":10,"column":71}},"4":{"start":{"line":13,"column":0},"end":{"line":13,"column":35}},"5":{"start":{"line":14,"column":0},"end":{"line":14,"column":41}},"6":{"start":{"line":17,"column":0},"end":{"line":20,"column":57}},"7":{"start":{"line":22,"column":0},"end":{"line":22,"column":24}}},"fnMap":{},"branchMap":{},"s":{"0":3,"1":3,"2":3,"3":3,"4":3,"5":3,"6":3,"7":3},"f":{},"b":{},"_coverageSchema":"1a1c01bbd47fc00a2c39e90264f33305004495a9","hash":"cb6dd141ddfdc862757bb8a693204615cadf8b86"}
,"/Users/a8888/Documents/viciousircle/MSMS-CNWEB/backend/routes/user.routes.js": {"path":"/Users/a8888/Documents/viciousircle/MSMS-CNWEB/backend/routes/user.routes.js","statementMap":{"0":{"start":{"line":1,"column":16},"end":{"line":1,"column":34}},"1":{"start":{"line":2,"column":15},"end":{"line":2,"column":31}},"2":{"start":{"line":7,"column":4},"end":{"line":7,"column":45}},"3":{"start":{"line":9,"column":20},"end":{"line":9,"column":60}},"4":{"start":{"line":11,"column":0},"end":{"line":11,"column":31}},"5":{"start":{"line":12,"column":0},"end":{"line":12,"column":33}},"6":{"start":{"line":13,"column":0},"end":{"line":13,"column":34}},"7":{"start":{"line":15,"column":0},"end":{"line":15,"column":24}}},"fnMap":{},"branchMap":{},"s":{"0":3,"1":3,"2":3,"3":3,"4":3,"5":3,"6":3,"7":3},"f":{},"b":{},"_coverageSchema":"1a1c01bbd47fc00a2c39e90264f33305004495a9","hash":"8d281268dae9bf0876603bc9101d076daafd6cbf"}
}
