{"/Users/a8888/Documents/viciousircle/MSMS-CNWEB/backend/server.js": {"path":"/Users/a8888/Documents/viciousircle/MSMS-CNWEB/backend/server.js","statementMap":{"0":{"start":{"line":1,"column":16},"end":{"line":1,"column":34}},"1":{"start":{"line":2,"column":15},"end":{"line":2,"column":32}},"2":{"start":{"line":3,"column":15},"end":{"line":3,"column":60}},"3":{"start":{"line":4,"column":25},"end":{"line":4,"column":65}},"4":{"start":{"line":5,"column":22},"end":{"line":5,"column":44}},"5":{"start":{"line":6,"column":13},"end":{"line":6,"column":37}},"6":{"start":{"line":8,"column":0},"end":{"line":8,"column":12}},"7":{"start":{"line":9,"column":12},"end":{"line":9,"column":21}},"8":{"start":{"line":11,"column":0},"end":{"line":11,"column":24}},"9":{"start":{"line":12,"column":0},"end":{"line":12,"column":49}},"10":{"start":{"line":14,"column":0},"end":{"line":14,"column":61}},"11":{"start":{"line":15,"column":0},"end":{"line":15,"column":55}},"12":{"start":{"line":17,"column":0},"end":{"line":17,"column":22}},"13":{"start":{"line":19,"column":0},"end":{"line":23,"column":1}},"14":{"start":{"line":20,"column":4},"end":{"line":22,"column":7}},"15":{"start":{"line":21,"column":8},"end":{"line":21,"column":66}},"16":{"start":{"line":25,"column":0},"end":{"line":25,"column":25}}},"fnMap":{"0":{"name":"(anonymous_0)","decl":{"start":{"line":20,"column":21},"end":{"line":20,"column":22}},"loc":{"start":{"line":20,"column":27},"end":{"line":22,"column":5}},"line":20}},"branchMap":{"0":{"loc":{"start":{"line":6,"column":13},"end":{"line":6,"column":37}},"type":"binary-expr","locations":[{"start":{"line":6,"column":13},"end":{"line":6,"column":29}},{"start":{"line":6,"column":33},"end":{"line":6,"column":37}}],"line":6},"1":{"loc":{"start":{"line":19,"column":0},"end":{"line":23,"column":1}},"type":"if","locations":[{"start":{"line":19,"column":0},"end":{"line":23,"column":1}},{"start":{},"end":{}}],"line":19}},"s":{"0":2,"1":2,"2":2,"3":2,"4":2,"5":2,"6":2,"7":2,"8":2,"9":2,"10":2,"11":2,"12":2,"13":2,"14":0,"15":0,"16":2},"f":{"0":0},"b":{"0":[2,0],"1":[0,2]},"_coverageSchema":"1a1c01bbd47fc00a2c39e90264f33305004495a9","hash":"5b089e39b5574ab6c86b13e369ccb60e0b0e9682"}
,"/Users/a8888/Documents/viciousircle/MSMS-CNWEB/backend/controllers/product.controller.js": {"path":"/Users/a8888/Documents/viciousircle/MSMS-CNWEB/backend/controllers/product.controller.js","statementMap":{"0":{"start":{"line":1,"column":21},"end":{"line":1,"column":53}},"1":{"start":{"line":2,"column":16},"end":{"line":2,"column":50}},"2":{"start":{"line":3,"column":17},"end":{"line":3,"column":36}},"3":{"start":{"line":10,"column":20},"end":{"line":18,"column":2}},"4":{"start":{"line":11,"column":4},"end":{"line":17,"column":5}},"5":{"start":{"line":12,"column":25},"end":{"line":12,"column":47}},"6":{"start":{"line":13,"column":8},"end":{"line":13,"column":39}},"7":{"start":{"line":15,"column":8},"end":{"line":15,"column":38}},"8":{"start":{"line":16,"column":8},"end":{"line":16,"column":67}},"9":{"start":{"line":25,"column":23},"end":{"line":45,"column":2}},"10":{"start":{"line":26,"column":4},"end":{"line":44,"column":5}},"11":{"start":{"line":27,"column":8},"end":{"line":29,"column":9}},"12":{"start":{"line":28,"column":12},"end":{"line":28,"column":75}},"13":{"start":{"line":31,"column":24},"end":{"line":31,"column":61}},"14":{"start":{"line":33,"column":8},"end":{"line":39,"column":9}},"15":{"start":{"line":34,"column":12},"end":{"line":38,"column":19}},"16":{"start":{"line":40,"column":8},"end":{"line":40,"column":38}},"17":{"start":{"line":42,"column":8},"end":{"line":42,"column":56}},"18":{"start":{"line":43,"column":8},"end":{"line":43,"column":67}},"19":{"start":{"line":52,"column":22},"end":{"line":96,"column":2}},"20":{"start":{"line":53,"column":20},"end":{"line":53,"column":57}},"21":{"start":{"line":55,"column":4},"end":{"line":58,"column":5}},"22":{"start":{"line":56,"column":8},"end":{"line":56,"column":24}},"23":{"start":{"line":57,"column":8},"end":{"line":57,"column":46}},"24":{"start":{"line":60,"column":48},"end":{"line":60,"column":56}},"25":{"start":{"line":61,"column":18},"end":{"line":61,"column":23}},"26":{"start":{"line":63,"column":4},"end":{"line":66,"column":5}},"27":{"start":{"line":64,"column":8},"end":{"line":64,"column":28}},"28":{"start":{"line":65,"column":8},"end":{"line":65,"column":23}},"29":{"start":{"line":67,"column":4},"end":{"line":70,"column":5}},"30":{"start":{"line":68,"column":8},"end":{"line":68,"column":30}},"31":{"start":{"line":69,"column":8},"end":{"line":69,"column":23}},"32":{"start":{"line":71,"column":4},"end":{"line":74,"column":5}},"33":{"start":{"line":72,"column":8},"end":{"line":72,"column":30}},"34":{"start":{"line":73,"column":8},"end":{"line":73,"column":23}},"35":{"start":{"line":75,"column":4},"end":{"line":78,"column":5}},"36":{"start":{"line":76,"column":8},"end":{"line":76,"column":30}},"37":{"start":{"line":77,"column":8},"end":{"line":77,"column":23}},"38":{"start":{"line":79,"column":4},"end":{"line":87,"column":5}},"39":{"start":{"line":85,"column":8},"end":{"line":85,"column":28}},"40":{"start":{"line":86,"column":8},"end":{"line":86,"column":23}},"41":{"start":{"line":89,"column":4},"end":{"line":92,"column":5}},"42":{"start":{"line":90,"column":8},"end":{"line":90,"column":24}},"43":{"start":{"line":91,"column":8},"end":{"line":91,"column":74}},"44":{"start":{"line":94,"column":27},"end":{"line":94,"column":47}},"45":{"start":{"line":95,"column":4},"end":{"line":95,"column":41}},"46":{"start":{"line":103,"column":22},"end":{"line":117,"column":2}},"47":{"start":{"line":104,"column":20},"end":{"line":104,"column":57}},"48":{"start":{"line":106,"column":4},"end":{"line":109,"column":5}},"49":{"start":{"line":107,"column":8},"end":{"line":107,"column":24}},"50":{"start":{"line":108,"column":8},"end":{"line":108,"column":46}},"51":{"start":{"line":111,"column":4},"end":{"line":111,"column":30}},"52":{"start":{"line":113,"column":4},"end":{"line":116,"column":7}},"53":{"start":{"line":119,"column":0},"end":{"line":124,"column":2}}},"fnMap":{"0":{"name":"(anonymous_0)","decl":{"start":{"line":10,"column":33},"end":{"line":10,"column":34}},"loc":{"start":{"line":10,"column":59},"end":{"line":18,"column":1}},"line":10},"1":{"name":"(anonymous_1)","decl":{"start":{"line":25,"column":36},"end":{"line":25,"column":37}},"loc":{"start":{"line":25,"column":56},"end":{"line":45,"column":1}},"line":25},"2":{"name":"(anonymous_2)","decl":{"start":{"line":52,"column":35},"end":{"line":52,"column":36}},"loc":{"start":{"line":52,"column":55},"end":{"line":96,"column":1}},"line":52},"3":{"name":"(anonymous_3)","decl":{"start":{"line":103,"column":35},"end":{"line":103,"column":36}},"loc":{"start":{"line":103,"column":55},"end":{"line":117,"column":1}},"line":103}},"branchMap":{"0":{"loc":{"start":{"line":27,"column":8},"end":{"line":29,"column":9}},"type":"if","locations":[{"start":{"line":27,"column":8},"end":{"line":29,"column":9}},{"start":{},"end":{}}],"line":27},"1":{"loc":{"start":{"line":33,"column":8},"end":{"line":39,"column":9}},"type":"if","locations":[{"start":{"line":33,"column":8},"end":{"line":39,"column":9}},{"start":{},"end":{}}],"line":33},"2":{"loc":{"start":{"line":55,"column":4},"end":{"line":58,"column":5}},"type":"if","locations":[{"start":{"line":55,"column":4},"end":{"line":58,"column":5}},{"start":{},"end":{}}],"line":55},"3":{"loc":{"start":{"line":63,"column":4},"end":{"line":66,"column":5}},"type":"if","locations":[{"start":{"line":63,"column":4},"end":{"line":66,"column":5}},{"start":{},"end":{}}],"line":63},"4":{"loc":{"start":{"line":63,"column":8},"end":{"line":63,"column":37}},"type":"binary-expr","locations":[{"start":{"line":63,"column":8},"end":{"line":63,"column":12}},{"start":{"line":63,"column":16},"end":{"line":63,"column":37}}],"line":63},"5":{"loc":{"start":{"line":67,"column":4},"end":{"line":70,"column":5}},"type":"if","locations":[{"start":{"line":67,"column":4},"end":{"line":70,"column":5}},{"start":{},"end":{}}],"line":67},"6":{"loc":{"start":{"line":67,"column":8},"end":{"line":67,"column":40}},"type":"binary-expr","locations":[{"start":{"line":67,"column":8},"end":{"line":67,"column":13}},{"start":{"line":67,"column":17},"end":{"line":67,"column":40}}],"line":67},"7":{"loc":{"start":{"line":71,"column":4},"end":{"line":74,"column":5}},"type":"if","locations":[{"start":{"line":71,"column":4},"end":{"line":74,"column":5}},{"start":{},"end":{}}],"line":71},"8":{"loc":{"start":{"line":71,"column":8},"end":{"line":71,"column":74}},"type":"binary-expr","locations":[{"start":{"line":71,"column":8},"end":{"line":71,"column":33}},{"start":{"line":71,"column":37},"end":{"line":71,"column":47}},{"start":{"line":71,"column":51},"end":{"line":71,"column":74}}],"line":71},"9":{"loc":{"start":{"line":75,"column":4},"end":{"line":78,"column":5}},"type":"if","locations":[{"start":{"line":75,"column":4},"end":{"line":78,"column":5}},{"start":{},"end":{}}],"line":75},"10":{"loc":{"start":{"line":75,"column":8},"end":{"line":75,"column":74}},"type":"binary-expr","locations":[{"start":{"line":75,"column":8},"end":{"line":75,"column":33}},{"start":{"line":75,"column":37},"end":{"line":75,"column":47}},{"start":{"line":75,"column":51},"end":{"line":75,"column":74}}],"line":75},"11":{"loc":{"start":{"line":79,"column":4},"end":{"line":87,"column":5}},"type":"if","locations":[{"start":{"line":79,"column":4},"end":{"line":87,"column":5}},{"start":{},"end":{}}],"line":79},"12":{"loc":{"start":{"line":80,"column":8},"end":{"line":83,"column":29}},"type":"binary-expr","locations":[{"start":{"line":80,"column":8},"end":{"line":80,"column":32}},{"start":{"line":81,"column":8},"end":{"line":81,"column":17}},{"start":{"line":82,"column":8},"end":{"line":82,"column":17}},{"start":{"line":83,"column":8},"end":{"line":83,"column":29}}],"line":80},"13":{"loc":{"start":{"line":89,"column":4},"end":{"line":92,"column":5}},"type":"if","locations":[{"start":{"line":89,"column":4},"end":{"line":92,"column":5}},{"start":{},"end":{}}],"line":89},"14":{"loc":{"start":{"line":106,"column":4},"end":{"line":109,"column":5}},"type":"if","locations":[{"start":{"line":106,"column":4},"end":{"line":109,"column":5}},{"start":{},"end":{}}],"line":106}},"s":{"0":2,"1":2,"2":2,"3":2,"4":3,"5":3,"6":2,"7":1,"8":1,"9":2,"10":4,"11":4,"12":1,"13":3,"14":2,"15":1,"16":1,"17":1,"18":1,"19":2,"20":0,"21":0,"22":0,"23":0,"24":0,"25":0,"26":0,"27":0,"28":0,"29":0,"30":0,"31":0,"32":0,"33":0,"34":0,"35":0,"36":0,"37":0,"38":0,"39":0,"40":0,"41":0,"42":0,"43":0,"44":0,"45":0,"46":2,"47":0,"48":0,"49":0,"50":0,"51":0,"52":0,"53":2},"f":{"0":3,"1":4,"2":0,"3":0},"b":{"0":[1,3],"1":[1,1],"2":[0,0],"3":[0,0],"4":[0,0],"5":[0,0],"6":[0,0],"7":[0,0],"8":[0,0,0],"9":[0,0],"10":[0,0,0],"11":[0,0],"12":[0,0,0,0],"13":[0,0],"14":[0,0]},"_coverageSchema":"1a1c01bbd47fc00a2c39e90264f33305004495a9","hash":"7666b7d0c1df899ef82d911e84c3a5327cc12e19"}
,"/Users/a8888/Documents/viciousircle/MSMS-CNWEB/backend/controllers/user.controller.js": {"path":"/Users/a8888/Documents/viciousircle/MSMS-CNWEB/backend/controllers/user.controller.js","statementMap":{"0":{"start":{"line":1,"column":12},"end":{"line":1,"column":35}},"1":{"start":{"line":2,"column":15},"end":{"line":2,"column":34}},"2":{"start":{"line":3,"column":21},"end":{"line":3,"column":53}},"3":{"start":{"line":4,"column":13},"end":{"line":4,"column":44}},"4":{"start":{"line":12,"column":22},"end":{"line":16,"column":1}},"5":{"start":{"line":13,"column":4},"end":{"line":15,"column":7}},"6":{"start":{"line":23,"column":21},"end":{"line":64,"column":2}},"7":{"start":{"line":24,"column":44},"end":{"line":24,"column":52}},"8":{"start":{"line":25,"column":4},"end":{"line":25,"column":26}},"9":{"start":{"line":27,"column":4},"end":{"line":30,"column":5}},"10":{"start":{"line":28,"column":8},"end":{"line":28,"column":24}},"11":{"start":{"line":29,"column":8},"end":{"line":29,"column":54}},"12":{"start":{"line":33,"column":23},"end":{"line":33,"column":52}},"13":{"start":{"line":35,"column":4},"end":{"line":38,"column":5}},"14":{"start":{"line":36,"column":8},"end":{"line":36,"column":24}},"15":{"start":{"line":37,"column":8},"end":{"line":37,"column":47}},"16":{"start":{"line":41,"column":17},"end":{"line":41,"column":41}},"17":{"start":{"line":42,"column":27},"end":{"line":42,"column":60}},"18":{"start":{"line":45,"column":17},"end":{"line":50,"column":6}},"19":{"start":{"line":52,"column":4},"end":{"line":63,"column":5}},"20":{"start":{"line":53,"column":8},"end":{"line":59,"column":11}},"21":{"start":{"line":61,"column":8},"end":{"line":61,"column":24}},"22":{"start":{"line":62,"column":8},"end":{"line":62,"column":45}},"23":{"start":{"line":71,"column":18},"end":{"line":88,"column":2}},"24":{"start":{"line":72,"column":32},"end":{"line":72,"column":40}},"25":{"start":{"line":75,"column":17},"end":{"line":75,"column":46}},"26":{"start":{"line":77,"column":4},"end":{"line":87,"column":5}},"27":{"start":{"line":78,"column":8},"end":{"line":83,"column":11}},"28":{"start":{"line":85,"column":8},"end":{"line":85,"column":24}},"29":{"start":{"line":86,"column":8},"end":{"line":86,"column":47}},"30":{"start":{"line":95,"column":14},"end":{"line":104,"column":2}},"31":{"start":{"line":96,"column":39},"end":{"line":96,"column":72}},"32":{"start":{"line":98,"column":4},"end":{"line":103,"column":7}},"33":{"start":{"line":106,"column":0},"end":{"line":106,"column":52}}},"fnMap":{"0":{"name":"(anonymous_0)","decl":{"start":{"line":12,"column":22},"end":{"line":12,"column":23}},"loc":{"start":{"line":12,"column":36},"end":{"line":16,"column":1}},"line":12},"1":{"name":"(anonymous_1)","decl":{"start":{"line":23,"column":34},"end":{"line":23,"column":35}},"loc":{"start":{"line":23,"column":54},"end":{"line":64,"column":1}},"line":23},"2":{"name":"(anonymous_2)","decl":{"start":{"line":71,"column":31},"end":{"line":71,"column":32}},"loc":{"start":{"line":71,"column":51},"end":{"line":88,"column":1}},"line":71},"3":{"name":"(anonymous_3)","decl":{"start":{"line":95,"column":27},"end":{"line":95,"column":28}},"loc":{"start":{"line":95,"column":47},"end":{"line":104,"column":1}},"line":95}},"branchMap":{"0":{"loc":{"start":{"line":27,"column":4},"end":{"line":30,"column":5}},"type":"if","locations":[{"start":{"line":27,"column":4},"end":{"line":30,"column":5}},{"start":{},"end":{}}],"line":27},"1":{"loc":{"start":{"line":27,"column":8},"end":{"line":27,"column":36}},"type":"binary-expr","locations":[{"start":{"line":27,"column":8},"end":{"line":27,"column":13}},{"start":{"line":27,"column":17},"end":{"line":27,"column":23}},{"start":{"line":27,"column":27},"end":{"line":27,"column":36}}],"line":27},"2":{"loc":{"start":{"line":35,"column":4},"end":{"line":38,"column":5}},"type":"if","locations":[{"start":{"line":35,"column":4},"end":{"line":38,"column":5}},{"start":{},"end":{}}],"line":35},"3":{"loc":{"start":{"line":49,"column":14},"end":{"line":49,"column":32}},"type":"binary-expr","locations":[{"start":{"line":49,"column":14},"end":{"line":49,"column":18}},{"start":{"line":49,"column":22},"end":{"line":49,"column":32}}],"line":49},"4":{"loc":{"start":{"line":52,"column":4},"end":{"line":63,"column":5}},"type":"if","locations":[{"start":{"line":52,"column":4},"end":{"line":63,"column":5}},{"start":{"line":60,"column":11},"end":{"line":63,"column":5}}],"line":52},"5":{"loc":{"start":{"line":77,"column":4},"end":{"line":87,"column":5}},"type":"if","locations":[{"start":{"line":77,"column":4},"end":{"line":87,"column":5}},{"start":{"line":84,"column":11},"end":{"line":87,"column":5}}],"line":77},"6":{"loc":{"start":{"line":77,"column":8},"end":{"line":77,"column":63}},"type":"binary-expr","locations":[{"start":{"line":77,"column":8},"end":{"line":77,"column":12}},{"start":{"line":77,"column":17},"end":{"line":77,"column":62}}],"line":77}},"s":{"0":2,"1":2,"2":2,"3":2,"4":2,"5":1,"6":2,"7":3,"8":3,"9":3,"10":1,"11":1,"12":2,"13":2,"14":1,"15":1,"16":1,"17":1,"18":1,"19":1,"20":1,"21":0,"22":0,"23":2,"24":0,"25":0,"26":0,"27":0,"28":0,"29":0,"30":2,"31":0,"32":0,"33":2},"f":{"0":1,"1":3,"2":0,"3":0},"b":{"0":[1,2],"1":[3,2,2],"2":[1,1],"3":[1,0],"4":[1,0],"5":[0,0],"6":[0,0]},"_coverageSchema":"1a1c01bbd47fc00a2c39e90264f33305004495a9","hash":"876c658873b52820f49b4dadfae2c60f9ceeb9b7"}
,"/Users/a8888/Documents/viciousircle/MSMS-CNWEB/backend/middleware/auth.middleware.js": {"path":"/Users/a8888/Documents/viciousircle/MSMS-CNWEB/backend/middleware/auth.middleware.js","statementMap":{"0":{"start":{"line":1,"column":12},"end":{"line":1,"column":35}},"1":{"start":{"line":2,"column":21},"end":{"line":2,"column":53}},"2":{"start":{"line":3,"column":13},"end":{"line":3,"column":44}},"3":{"start":{"line":8,"column":16},"end":{"line":38,"column":2}},"4":{"start":{"line":10,"column":8},"end":{"line":13,"column":18}},"5":{"start":{"line":15,"column":4},"end":{"line":18,"column":5}},"6":{"start":{"line":16,"column":8},"end":{"line":16,"column":24}},"7":{"start":{"line":17,"column":8},"end":{"line":17,"column":52}},"8":{"start":{"line":20,"column":4},"end":{"line":37,"column":5}},"9":{"start":{"line":22,"column":24},"end":{"line":22,"column":65}},"10":{"start":{"line":25,"column":8},"end":{"line":25,"column":71}},"11":{"start":{"line":27,"column":8},"end":{"line":30,"column":9}},"12":{"start":{"line":28,"column":12},"end":{"line":28,"column":28}},"13":{"start":{"line":29,"column":12},"end":{"line":29,"column":46}},"14":{"start":{"line":32,"column":8},"end":{"line":32,"column":15}},"15":{"start":{"line":34,"column":8},"end":{"line":34,"column":43}},"16":{"start":{"line":35,"column":8},"end":{"line":35,"column":24}},"17":{"start":{"line":36,"column":8},"end":{"line":36,"column":57}},"18":{"start":{"line":44,"column":18},"end":{"line":52,"column":1}},"19":{"start":{"line":45,"column":4},"end":{"line":51,"column":6}},"20":{"start":{"line":46,"column":8},"end":{"line":49,"column":9}},"21":{"start":{"line":47,"column":12},"end":{"line":47,"column":28}},"22":{"start":{"line":48,"column":12},"end":{"line":48,"column":62}},"23":{"start":{"line":50,"column":8},"end":{"line":50,"column":15}},"24":{"start":{"line":54,"column":0},"end":{"line":54,"column":40}}},"fnMap":{"0":{"name":"(anonymous_0)","decl":{"start":{"line":8,"column":29},"end":{"line":8,"column":30}},"loc":{"start":{"line":8,"column":55},"end":{"line":38,"column":1}},"line":8},"1":{"name":"(anonymous_1)","decl":{"start":{"line":44,"column":18},"end":{"line":44,"column":19}},"loc":{"start":{"line":44,"column":32},"end":{"line":52,"column":1}},"line":44},"2":{"name":"(anonymous_2)","decl":{"start":{"line":45,"column":11},"end":{"line":45,"column":12}},"loc":{"start":{"line":45,"column":31},"end":{"line":51,"column":5}},"line":45}},"branchMap":{"0":{"loc":{"start":{"line":10,"column":8},"end":{"line":13,"column":18}},"type":"cond-expr","locations":[{"start":{"line":12,"column":14},"end":{"line":12,"column":53}},{"start":{"line":13,"column":14},"end":{"line":13,"column":18}}],"line":10},"1":{"loc":{"start":{"line":10,"column":8},"end":{"line":11,"column":54}},"type":"binary-expr","locations":[{"start":{"line":10,"column":8},"end":{"line":10,"column":33}},{"start":{"line":11,"column":8},"end":{"line":11,"column":54}}],"line":10},"2":{"loc":{"start":{"line":15,"column":4},"end":{"line":18,"column":5}},"type":"if","locations":[{"start":{"line":15,"column":4},"end":{"line":18,"column":5}},{"start":{},"end":{}}],"line":15},"3":{"loc":{"start":{"line":27,"column":8},"end":{"line":30,"column":9}},"type":"if","locations":[{"start":{"line":27,"column":8},"end":{"line":30,"column":9}},{"start":{},"end":{}}],"line":27},"4":{"loc":{"start":{"line":46,"column":8},"end":{"line":49,"column":9}},"type":"if","locations":[{"start":{"line":46,"column":8},"end":{"line":49,"column":9}},{"start":{},"end":{}}],"line":46}},"s":{"0":2,"1":2,"2":2,"3":2,"4":0,"5":0,"6":0,"7":0,"8":0,"9":0,"10":0,"11":0,"12":0,"13":0,"14":0,"15":0,"16":0,"17":0,"18":2,"19":4,"20":0,"21":0,"22":0,"23":0,"24":2},"f":{"0":0,"1":4,"2":0},"b":{"0":[0,0],"1":[0,0],"2":[0,0],"3":[0,0],"4":[0,0]},"_coverageSchema":"1a1c01bbd47fc00a2c39e90264f33305004495a9","hash":"53046881668083a9c23b76b0a8c4397cfd4cd461"}
,"/Users/a8888/Documents/viciousircle/MSMS-CNWEB/backend/middleware/error.middleware.js": {"path":"/Users/a8888/Documents/viciousircle/MSMS-CNWEB/backend/middleware/error.middleware.js","statementMap":{"0":{"start":{"line":13,"column":21},"end":{"line":22,"column":1}},"1":{"start":{"line":14,"column":23},"end":{"line":14,"column":60}},"2":{"start":{"line":16,"column":4},"end":{"line":16,"column":27}},"3":{"start":{"line":18,"column":4},"end":{"line":21,"column":7}},"4":{"start":{"line":24,"column":0},"end":{"line":26,"column":2}}},"fnMap":{"0":{"name":"(anonymous_0)","decl":{"start":{"line":13,"column":21},"end":{"line":13,"column":22}},"loc":{"start":{"line":13,"column":46},"end":{"line":22,"column":1}},"line":13}},"branchMap":{"0":{"loc":{"start":{"line":14,"column":23},"end":{"line":14,"column":60}},"type":"cond-expr","locations":[{"start":{"line":14,"column":40},"end":{"line":14,"column":54}},{"start":{"line":14,"column":57},"end":{"line":14,"column":60}}],"line":14},"1":{"loc":{"start":{"line":20,"column":15},"end":{"line":20,"column":71}},"type":"cond-expr","locations":[{"start":{"line":20,"column":55},"end":{"line":20,"column":59}},{"start":{"line":20,"column":62},"end":{"line":20,"column":71}}],"line":20}},"s":{"0":2,"1":2,"2":2,"3":2,"4":2},"f":{"0":2},"b":{"0":[2,0],"1":[0,2]},"_coverageSchema":"1a1c01bbd47fc00a2c39e90264f33305004495a9","hash":"8558efdfd90ea128a5329a81f437728b0e8dad6f"}
,"/Users/a8888/Documents/viciousircle/MSMS-CNWEB/backend/models/product.model.js": {"path":"/Users/a8888/Documents/viciousircle/MSMS-CNWEB/backend/models/product.model.js","statementMap":{"0":{"start":{"line":1,"column":17},"end":{"line":1,"column":36}},"1":{"start":{"line":3,"column":22},"end":{"line":36,"column":1}},"2":{"start":{"line":38,"column":0},"end":{"line":38,"column":58}}},"fnMap":{},"branchMap":{},"s":{"0":2,"1":2,"2":2},"f":{},"b":{},"_coverageSchema":"1a1c01bbd47fc00a2c39e90264f33305004495a9","hash":"313785b228265479115887c8735eccf0b4b15ca8"}
,"/Users/a8888/Documents/viciousircle/MSMS-CNWEB/backend/models/user.model.js": {"path":"/Users/a8888/Documents/viciousircle/MSMS-CNWEB/backend/models/user.model.js","statementMap":{"0":{"start":{"line":1,"column":17},"end":{"line":1,"column":36}},"1":{"start":{"line":15,"column":19},"end":{"line":40,"column":1}},"2":{"start":{"line":42,"column":0},"end":{"line":42,"column":52}}},"fnMap":{},"branchMap":{},"s":{"0":2,"1":2,"2":2},"f":{},"b":{},"_coverageSchema":"1a1c01bbd47fc00a2c39e90264f33305004495a9","hash":"f8b298840a318f99465f6493697b95abaf7e618a"}
,"/Users/a8888/Documents/viciousircle/MSMS-CNWEB/backend/routes/product.routes.js": {"path":"/Users/a8888/Documents/viciousircle/MSMS-CNWEB/backend/routes/product.routes.js","statementMap":{"0":{"start":{"line":1,"column":16},"end":{"line":1,"column":34}},"1":{"start":{"line":2,"column":15},"end":{"line":2,"column":31}},"2":{"start":{"line":8,"column":4},"end":{"line":8,"column":48}},"3":{"start":{"line":10,"column":31},"end":{"line":10,"column":71}},"4":{"start":{"line":13,"column":0},"end":{"line":13,"column":35}},"5":{"start":{"line":14,"column":0},"end":{"line":14,"column":41}},"6":{"start":{"line":17,"column":0},"end":{"line":20,"column":57}},"7":{"start":{"line":22,"column":0},"end":{"line":22,"column":24}}},"fnMap":{},"branchMap":{},"s":{"0":2,"1":2,"2":2,"3":2,"4":2,"5":2,"6":2,"7":2},"f":{},"b":{},"_coverageSchema":"1a1c01bbd47fc00a2c39e90264f33305004495a9","hash":"cb6dd141ddfdc862757bb8a693204615cadf8b86"}
,"/Users/a8888/Documents/viciousircle/MSMS-CNWEB/backend/routes/user.routes.js": {"path":"/Users/a8888/Documents/viciousircle/MSMS-CNWEB/backend/routes/user.routes.js","statementMap":{"0":{"start":{"line":1,"column":16},"end":{"line":1,"column":34}},"1":{"start":{"line":2,"column":15},"end":{"line":2,"column":31}},"2":{"start":{"line":7,"column":4},"end":{"line":7,"column":45}},"3":{"start":{"line":9,"column":20},"end":{"line":9,"column":60}},"4":{"start":{"line":11,"column":0},"end":{"line":11,"column":31}},"5":{"start":{"line":12,"column":0},"end":{"line":12,"column":33}},"6":{"start":{"line":13,"column":0},"end":{"line":13,"column":34}},"7":{"start":{"line":15,"column":0},"end":{"line":15,"column":24}}},"fnMap":{},"branchMap":{},"s":{"0":2,"1":2,"2":2,"3":2,"4":2,"5":2,"6":2,"7":2},"f":{},"b":{},"_coverageSchema":"1a1c01bbd47fc00a2c39e90264f33305004495a9","hash":"8d281268dae9bf0876603bc9101d076daafd6cbf"}
}
