TN:
SF:server.js
FN:21,(anonymous_0)
FNF:1
FNH:0
FNDA:0,(anonymous_0)
DA:1,3
DA:2,3
DA:3,3
DA:4,3
DA:5,3
DA:6,3
DA:8,3
DA:9,3
DA:11,3
DA:12,3
DA:14,3
DA:15,3
DA:16,3
DA:18,3
DA:20,3
DA:21,0
DA:22,0
DA:26,3
LF:18
LH:16
BRDA:6,0,0,3
BRDA:6,0,1,0
BRDA:20,1,0,0
BRDA:20,1,1,3
BRF:4
BRH:2
end_of_record
TN:
SF:controllers/cart.controller.js
FN:11,(anonymous_0)
FN:42,(anonymous_1)
FNF:2
FNH:0
FNDA:0,(anonymous_0)
FNDA:0,(anonymous_1)
DA:1,3
DA:2,3
DA:3,3
DA:4,3
DA:11,3
DA:12,0
DA:13,0
DA:14,0
DA:16,0
DA:17,0
DA:22,0
DA:26,0
DA:27,0
DA:30,0
DA:32,0
DA:33,0
DA:42,3
DA:43,0
DA:59,3
LF:19
LH:7
BRDA:13,0,0,0
BRDA:13,0,1,0
BRDA:14,1,0,0
BRDA:14,1,1,0
BRDA:16,2,0,0
BRDA:16,2,1,0
BRDA:16,3,0,0
BRDA:16,3,1,0
BRDA:26,4,0,0
BRDA:26,4,1,0
BRF:10
BRH:0
end_of_record
TN:
SF:controllers/product.controller.js
FN:10,(anonymous_0)
FN:25,(anonymous_1)
FN:50,(anonymous_2)
FN:126,(anonymous_3)
FNF:4
FNH:3
FNDA:3,(anonymous_0)
FNDA:4,(anonymous_1)
FNDA:6,(anonymous_2)
FNDA:0,(anonymous_3)
DA:1,3
DA:2,3
DA:3,3
DA:10,3
DA:11,3
DA:12,3
DA:13,2
DA:15,1
DA:16,1
DA:25,3
DA:26,4
DA:27,4
DA:28,1
DA:31,3
DA:33,2
DA:34,1
DA:38,1
DA:40,1
DA:41,1
DA:50,3
DA:51,6
DA:58,6
DA:59,2
DA:62,4
DA:64,3
DA:65,1
DA:68,2
DA:69,2
DA:71,2
DA:72,1
DA:73,1
DA:75,2
DA:76,0
DA:77,0
DA:79,2
DA:84,1
DA:85,1
DA:87,2
DA:92,0
DA:93,0
DA:95,2
DA:101,0
DA:102,0
DA:105,2
DA:106,1
DA:111,1
DA:112,1
DA:114,1
DA:115,1
DA:126,3
DA:127,0
DA:129,0
DA:130,0
DA:131,0
DA:134,0
DA:136,0
DA:142,3
LF:57
LH:45
BRDA:27,0,0,1
BRDA:27,0,1,3
BRDA:33,1,0,1
BRDA:33,1,1,1
BRDA:58,2,0,2
BRDA:58,2,1,4
BRDA:64,3,0,1
BRDA:64,3,1,2
BRDA:71,4,0,1
BRDA:71,4,1,1
BRDA:71,5,0,2
BRDA:71,5,1,2
BRDA:75,6,0,0
BRDA:75,6,1,2
BRDA:75,7,0,2
BRDA:75,7,1,0
BRDA:79,8,0,1
BRDA:79,8,1,1
BRDA:80,9,0,2
BRDA:80,9,1,2
BRDA:80,9,2,2
BRDA:87,10,0,0
BRDA:87,10,1,2
BRDA:88,11,0,2
BRDA:88,11,1,0
BRDA:88,11,2,0
BRDA:95,12,0,0
BRDA:95,12,1,2
BRDA:96,13,0,2
BRDA:96,13,1,0
BRDA:96,13,2,0
BRDA:96,13,3,0
BRDA:105,14,0,1
BRDA:105,14,1,1
BRDA:129,15,0,0
BRDA:129,15,1,0
BRF:36
BRH:25
end_of_record
TN:
SF:controllers/user.controller.js
FN:12,(anonymous_0)
FN:23,(anonymous_1)
FN:71,(anonymous_2)
FN:95,(anonymous_3)
FNF:4
FNH:3
FNDA:7,(anonymous_0)
FNDA:3,(anonymous_1)
FNDA:6,(anonymous_2)
FNDA:0,(anonymous_3)
DA:1,3
DA:2,3
DA:3,3
DA:4,3
DA:12,3
DA:13,7
DA:23,3
DA:24,3
DA:25,3
DA:27,3
DA:28,1
DA:29,1
DA:33,2
DA:35,2
DA:36,1
DA:37,1
DA:41,1
DA:42,1
DA:45,1
DA:52,1
DA:53,1
DA:61,0
DA:62,0
DA:71,3
DA:72,6
DA:75,6
DA:77,6
DA:78,6
DA:85,0
DA:86,0
DA:95,3
DA:96,0
DA:98,0
DA:106,3
LF:34
LH:28
BRDA:27,0,0,1
BRDA:27,0,1,2
BRDA:27,1,0,3
BRDA:27,1,1,2
BRDA:27,1,2,2
BRDA:35,2,0,1
BRDA:35,2,1,1
BRDA:49,3,0,1
BRDA:49,3,1,0
BRDA:52,4,0,1
BRDA:52,4,1,0
BRDA:77,5,0,6
BRDA:77,5,1,0
BRDA:77,6,0,6
BRDA:77,6,1,6
BRF:15
BRH:12
end_of_record
TN:
SF:middleware/auth.middleware.js
FN:8,(anonymous_0)
FN:44,(anonymous_1)
FN:45,(anonymous_2)
FNF:3
FNH:3
FNDA:6,(anonymous_0)
FNDA:6,(anonymous_1)
FNDA:6,(anonymous_2)
DA:1,3
DA:2,3
DA:3,3
DA:8,3
DA:10,6
DA:15,6
DA:16,0
DA:17,0
DA:20,6
DA:22,6
DA:25,6
DA:27,6
DA:28,0
DA:29,0
DA:32,6
DA:34,0
DA:35,0
DA:36,0
DA:44,3
DA:45,6
DA:46,6
DA:47,0
DA:48,0
DA:50,6
DA:54,3
LF:25
LH:16
BRDA:10,0,0,6
BRDA:10,0,1,0
BRDA:10,1,0,6
BRDA:10,1,1,6
BRDA:15,2,0,0
BRDA:15,2,1,6
BRDA:27,3,0,0
BRDA:27,3,1,6
BRDA:46,4,0,0
BRDA:46,4,1,6
BRF:10
BRH:6
end_of_record
TN:
SF:middleware/error.middleware.js
FN:13,(anonymous_0)
FNF:1
FNH:1
FNDA:2,(anonymous_0)
DA:13,3
DA:14,2
DA:16,2
DA:18,2
DA:24,3
LF:5
LH:5
BRDA:14,0,0,2
BRDA:14,0,1,0
BRDA:20,1,0,0
BRDA:20,1,1,2
BRF:4
BRH:2
end_of_record
TN:
SF:models/cart.model.js
FNF:0
FNH:0
DA:1,3
DA:3,3
DA:36,3
LF:3
LH:3
BRF:0
BRH:0
end_of_record
TN:
SF:models/product.model.js
FNF:0
FNH:0
DA:1,3
DA:3,3
DA:38,3
LF:3
LH:3
BRF:0
BRH:0
end_of_record
TN:
SF:models/user.model.js
FNF:0
FNH:0
DA:1,3
DA:15,3
DA:42,3
LF:3
LH:3
BRF:0
BRH:0
end_of_record
TN:
SF:routes/cart.routes.js
FNF:0
FNH:0
DA:1,3
DA:2,3
DA:4,3
DA:6,3
DA:8,3
DA:10,3
LF:6
LH:6
BRF:0
BRH:0
end_of_record
TN:
SF:routes/product.routes.js
FNF:0
FNH:0
DA:1,3
DA:2,3
DA:8,3
DA:10,3
DA:13,3
DA:14,3
DA:17,3
DA:22,3
LF:8
LH:8
BRF:0
BRH:0
end_of_record
TN:
SF:routes/user.routes.js
FNF:0
FNH:0
DA:1,3
DA:2,3
DA:7,3
DA:9,3
DA:11,3
DA:12,3
DA:13,3
DA:15,3
LF:8
LH:8
BRF:0
BRH:0
end_of_record
