TN:
SF:server.js
FN:20,(anonymous_0)
FNF:1
FNH:0
FNDA:0,(anonymous_0)
DA:1,2
DA:2,2
DA:3,2
DA:4,2
DA:5,2
DA:6,2
DA:8,2
DA:9,2
DA:11,2
DA:12,2
DA:14,2
DA:15,2
DA:17,2
DA:19,2
DA:20,0
DA:21,0
DA:25,2
LF:17
LH:15
BRDA:6,0,0,2
BRDA:6,0,1,0
BRDA:19,1,0,0
BRDA:19,1,1,2
BRF:4
BRH:2
end_of_record
TN:
SF:controllers/product.controller.js
FN:10,(anonymous_0)
FN:25,(anonymous_1)
FN:52,(anonymous_2)
FN:103,(anonymous_3)
FNF:4
FNH:2
FNDA:3,(anonymous_0)
FNDA:4,(anonymous_1)
FNDA:0,(anonymous_2)
FNDA:0,(anonymous_3)
DA:1,2
DA:2,2
DA:3,2
DA:10,2
DA:11,3
DA:12,3
DA:13,2
DA:15,1
DA:16,1
DA:25,2
DA:26,4
DA:27,4
DA:28,1
DA:31,3
DA:33,2
DA:34,1
DA:40,1
DA:42,1
DA:43,1
DA:52,2
DA:53,0
DA:55,0
DA:56,0
DA:57,0
DA:60,0
DA:61,0
DA:63,0
DA:64,0
DA:65,0
DA:67,0
DA:68,0
DA:69,0
DA:71,0
DA:72,0
DA:73,0
DA:75,0
DA:76,0
DA:77,0
DA:79,0
DA:85,0
DA:86,0
DA:89,0
DA:90,0
DA:91,0
DA:94,0
DA:95,0
DA:103,2
DA:104,0
DA:106,0
DA:107,0
DA:108,0
DA:111,0
DA:113,0
DA:119,2
LF:54
LH:22
BRDA:27,0,0,1
BRDA:27,0,1,3
BRDA:33,1,0,1
BRDA:33,1,1,1
BRDA:55,2,0,0
BRDA:55,2,1,0
BRDA:63,3,0,0
BRDA:63,3,1,0
BRDA:63,4,0,0
BRDA:63,4,1,0
BRDA:67,5,0,0
BRDA:67,5,1,0
BRDA:67,6,0,0
BRDA:67,6,1,0
BRDA:71,7,0,0
BRDA:71,7,1,0
BRDA:71,8,0,0
BRDA:71,8,1,0
BRDA:71,8,2,0
BRDA:75,9,0,0
BRDA:75,9,1,0
BRDA:75,10,0,0
BRDA:75,10,1,0
BRDA:75,10,2,0
BRDA:79,11,0,0
BRDA:79,11,1,0
BRDA:80,12,0,0
BRDA:80,12,1,0
BRDA:80,12,2,0
BRDA:80,12,3,0
BRDA:89,13,0,0
BRDA:89,13,1,0
BRDA:106,14,0,0
BRDA:106,14,1,0
BRF:34
BRH:4
end_of_record
TN:
SF:controllers/user.controller.js
FN:12,(anonymous_0)
FN:23,(anonymous_1)
FN:71,(anonymous_2)
FN:95,(anonymous_3)
FNF:4
FNH:2
FNDA:1,(anonymous_0)
FNDA:3,(anonymous_1)
FNDA:0,(anonymous_2)
FNDA:0,(anonymous_3)
DA:1,2
DA:2,2
DA:3,2
DA:4,2
DA:12,2
DA:13,1
DA:23,2
DA:24,3
DA:25,3
DA:27,3
DA:28,1
DA:29,1
DA:33,2
DA:35,2
DA:36,1
DA:37,1
DA:41,1
DA:42,1
DA:45,1
DA:52,1
DA:53,1
DA:61,0
DA:62,0
DA:71,2
DA:72,0
DA:75,0
DA:77,0
DA:78,0
DA:85,0
DA:86,0
DA:95,2
DA:96,0
DA:98,0
DA:106,2
LF:34
LH:24
BRDA:27,0,0,1
BRDA:27,0,1,2
BRDA:27,1,0,3
BRDA:27,1,1,2
BRDA:27,1,2,2
BRDA:35,2,0,1
BRDA:35,2,1,1
BRDA:49,3,0,1
BRDA:49,3,1,0
BRDA:52,4,0,1
BRDA:52,4,1,0
BRDA:77,5,0,0
BRDA:77,5,1,0
BRDA:77,6,0,0
BRDA:77,6,1,0
BRF:15
BRH:9
end_of_record
TN:
SF:middleware/auth.middleware.js
FN:8,(anonymous_0)
FN:44,(anonymous_1)
FN:45,(anonymous_2)
FNF:3
FNH:1
FNDA:0,(anonymous_0)
FNDA:4,(anonymous_1)
FNDA:0,(anonymous_2)
DA:1,2
DA:2,2
DA:3,2
DA:8,2
DA:10,0
DA:15,0
DA:16,0
DA:17,0
DA:20,0
DA:22,0
DA:25,0
DA:27,0
DA:28,0
DA:29,0
DA:32,0
DA:34,0
DA:35,0
DA:36,0
DA:44,2
DA:45,4
DA:46,0
DA:47,0
DA:48,0
DA:50,0
DA:54,2
LF:25
LH:7
BRDA:10,0,0,0
BRDA:10,0,1,0
BRDA:10,1,0,0
BRDA:10,1,1,0
BRDA:15,2,0,0
BRDA:15,2,1,0
BRDA:27,3,0,0
BRDA:27,3,1,0
BRDA:46,4,0,0
BRDA:46,4,1,0
BRF:10
BRH:0
end_of_record
TN:
SF:middleware/error.middleware.js
FN:13,(anonymous_0)
FNF:1
FNH:1
FNDA:2,(anonymous_0)
DA:13,2
DA:14,2
DA:16,2
DA:18,2
DA:24,2
LF:5
LH:5
BRDA:14,0,0,2
BRDA:14,0,1,0
BRDA:20,1,0,0
BRDA:20,1,1,2
BRF:4
BRH:2
end_of_record
TN:
SF:models/product.model.js
FNF:0
FNH:0
DA:1,2
DA:3,2
DA:38,2
LF:3
LH:3
BRF:0
BRH:0
end_of_record
TN:
SF:models/user.model.js
FNF:0
FNH:0
DA:1,2
DA:15,2
DA:42,2
LF:3
LH:3
BRF:0
BRH:0
end_of_record
TN:
SF:routes/product.routes.js
FNF:0
FNH:0
DA:1,2
DA:2,2
DA:8,2
DA:10,2
DA:13,2
DA:14,2
DA:17,2
DA:22,2
LF:8
LH:8
BRF:0
BRH:0
end_of_record
TN:
SF:routes/user.routes.js
FNF:0
FNH:0
DA:1,2
DA:2,2
DA:7,2
DA:9,2
DA:11,2
DA:12,2
DA:13,2
DA:15,2
LF:8
LH:8
BRF:0
BRH:0
end_of_record
